<?xml version="1.0" encoding="UTF-8"?>
<!-- Generated by org.testng.reporters.JUnitReportReporter -->
<testsuite hostname="DESKTOP-NBFKC64" failures="0" tests="1" name="salesforcetest.LoginTest" time="12.259" errors="0" timestamp="2022-05-26T23:31:05 PDT" skipped="0">
  <testcase classname="salesforcetest.LoginTest" name="Logintest" time="12.259"/>
  <system-out/>
</testsuite> <!-- salesforcetest.LoginTest -->
