<?xml version="1.0" encoding="UTF-8"?>
<!-- Generated by org.testng.reporters.JUnitReportReporter -->
<testsuite skipped="0" hostname="DESKTOP-NBFKC64" name="salesforcetest.LoginTest" tests="1" failures="0" timestamp="2022-05-26T23:45:35 PDT" time="50.651" errors="0">
  <testcase name="Logintest" time="50.651" classname="salesforcetest.LoginTest"/>
  <system-out/>
</testsuite> <!-- salesforcetest.LoginTest -->
